[15:09:56] B19: Building 5 images...
[15:09:56] B19:   Building custom-pipelines/transportation_visualization:latest...
#0 building with "default" instance using docker driver

#1 [internal] load build definition from Dockerfile
#1 transferring dockerfile: 240B done
#1 DONE 0.0s

#2 [internal] load metadata for docker.io/library/python:3.12-slim
#2 DONE 1.0s

#3 [internal] load .dockerignore
#3 transferring context: 2B done
#3 DONE 0.0s

#4 [internal] load build context
#4 transferring context: 39.04kB done
#4 DONE 0.0s

#5 [1/6] FROM docker.io/library/python:3.12-slim@sha256:c3d81d25b3154142b0b42eb1e61300024426268edeb5b5a26dd7ddf64d9daf28
#5 resolve docker.io/library/python:3.12-slim@sha256:c3d81d25b3154142b0b42eb1e61300024426268edeb5b5a26dd7ddf64d9daf28 0.0s done
#5 sha256:062e450697faa5f02a3a74eba9864ee4d79bc9cfbd65769fc6cdff2c05c6a053 0B / 29.78MB 0.1s
#5 sha256:98db2485a0d07a8914586b02387e3813aa7e9fed79ab252898d3e96e21c717ea 0B / 1.29MB 0.1s
#5 sha256:48347b15c85fd6dde9c5b0259f378fbaee3ce231b30a42f2f2bcc4ea0285cbc9 0B / 12.11MB 0.1s
#5 sha256:c3d81d25b3154142b0b42eb1e61300024426268edeb5b5a26dd7ddf64d9daf28 10.37kB / 10.37kB done
#5 sha256:cab2dbf575e971934a81e4622f5aba17aa7929719bd7e31033a3a83b97fd0464 1.75kB / 1.75kB done
#5 sha256:25c5b8011a3425a140bf5fa73be0feabd3c0d5b323eecb19dc02437a368ae075 5.66kB / 5.66kB done
#5 sha256:062e450697faa5f02a3a74eba9864ee4d79bc9cfbd65769fc6cdff2c05c6a053 17.83MB / 29.78MB 0.3s
#5 sha256:48347b15c85fd6dde9c5b0259f378fbaee3ce231b30a42f2f2bcc4ea0285cbc9 2.10MB / 12.11MB 0.3s
#5 sha256:062e450697faa5f02a3a74eba9864ee4d79bc9cfbd65769fc6cdff2c05c6a053 22.02MB / 29.78MB 0.4s
#5 sha256:48347b15c85fd6dde9c5b0259f378fbaee3ce231b30a42f2f2bcc4ea0285cbc9 8.39MB / 12.11MB 0.4s
#5 sha256:062e450697faa5f02a3a74eba9864ee4d79bc9cfbd65769fc6cdff2c05c6a053 29.78MB / 29.78MB 0.5s
#5 sha256:98db2485a0d07a8914586b02387e3813aa7e9fed79ab252898d3e96e21c717ea 1.29MB / 1.29MB 0.4s done
#5 sha256:48347b15c85fd6dde9c5b0259f378fbaee3ce231b30a42f2f2bcc4ea0285cbc9 12.11MB / 12.11MB 0.4s done
#5 sha256:fd079632edc0ab4e9d10c77ec348d5057a976e6fc508e93855548096dec2ae1e 0B / 250B 0.5s
#5 extracting sha256:062e450697faa5f02a3a74eba9864ee4d79bc9cfbd65769fc6cdff2c05c6a053
#5 sha256:062e450697faa5f02a3a74eba9864ee4d79bc9cfbd65769fc6cdff2c05c6a053 29.78MB / 29.78MB 0.5s done
#5 sha256:fd079632edc0ab4e9d10c77ec348d5057a976e6fc508e93855548096dec2ae1e 250B / 250B 0.5s done
#5 extracting sha256:062e450697faa5f02a3a74eba9864ee4d79bc9cfbd65769fc6cdff2c05c6a053 0.8s done
#5 extracting sha256:98db2485a0d07a8914586b02387e3813aa7e9fed79ab252898d3e96e21c717ea 0.1s done
#5 extracting sha256:48347b15c85fd6dde9c5b0259f378fbaee3ce231b30a42f2f2bcc4ea0285cbc9 0.1s
#5 extracting sha256:48347b15c85fd6dde9c5b0259f378fbaee3ce231b30a42f2f2bcc4ea0285cbc9 0.4s done
#5 extracting sha256:fd079632edc0ab4e9d10c77ec348d5057a976e6fc508e93855548096dec2ae1e done
#5 DONE 1.9s

#6 [2/6] WORKDIR /pipeline
#6 DONE 0.2s

#7 [3/6] COPY requirements.txt .
#7 DONE 0.0s

#8 [4/6] RUN pip install --no-cache-dir -r requirements.txt
#8 1.460 Collecting matplotlib (from -r requirements.txt (line 1))
#8 1.494   Downloading matplotlib-3.11.0-cp312-cp312-manylinux2014_x86_64.manylinux_2_17_x86_64.whl.metadata (80 kB)
#8 1.712 Collecting numpy (from -r requirements.txt (line 2))
#8 1.722   Downloading numpy-2.5.1-cp312-cp312-manylinux_2_27_x86_64.manylinux_2_28_x86_64.whl.metadata (6.6 kB)
#8 1.817 Collecting pandas (from -r requirements.txt (line 3))
#8 1.826   Downloading pandas-3.0.3-cp312-cp312-manylinux_2_24_x86_64.manylinux_2_28_x86_64.whl.metadata (79 kB)
#8 1.928 Collecting pyarrow (from -r requirements.txt (line 4))
#8 1.936   Downloading pyarrow-25.0.0-cp312-cp312-manylinux_2_28_x86_64.whl.metadata (3.0 kB)
#8 2.001 Collecting scikit-learn (from -r requirements.txt (line 5))
#8 2.010   Downloading scikit_learn-1.9.0-cp312-cp312-manylinux_2_27_x86_64.manylinux_2_28_x86_64.whl.metadata (11 kB)
#8 2.034 Collecting seaborn (from -r requirements.txt (line 6))
#8 2.043   Downloading seaborn-0.13.2-py3-none-any.whl.metadata (5.4 kB)
#8 2.098 Collecting contourpy>=1.0.1 (from matplotlib->-r requirements.txt (line 1))
#8 2.107   Downloading contourpy-1.3.3-cp312-cp312-manylinux_2_27_x86_64.manylinux_2_28_x86_64.whl.metadata (5.5 kB)
#8 2.122 Collecting cycler>=0.10 (from matplotlib->-r requirements.txt (line 1))
#8 2.132   Downloading cycler-0.12.1-py3-none-any.whl.metadata (3.8 kB)
#8 2.266 Collecting fonttools>=4.22.0 (from matplotlib->-r requirements.txt (line 1))
#8 2.276   Downloading fonttools-4.63.0-cp312-cp312-manylinux2014_x86_64.manylinux_2_17_x86_64.whl.metadata (118 kB)
#8 2.360 Collecting kiwisolver>=1.3.1 (from matplotlib->-r requirements.txt (line 1))
#8 2.370   Downloading kiwisolver-1.5.0-cp312-cp312-manylinux2014_x86_64.manylinux_2_17_x86_64.whl.metadata (5.1 kB)
#8 2.396 Collecting packaging>=20.0 (from matplotlib->-r requirements.txt (line 1))
#8 2.405   Downloading packaging-26.2-py3-none-any.whl.metadata (3.5 kB)
#8 2.566 Collecting pillow>=9 (from matplotlib->-r requirements.txt (line 1))
#8 2.576   Downloading pillow-12.3.0-cp312-cp312-manylinux_2_27_x86_64.manylinux_2_28_x86_64.whl.metadata (9.1 kB)
#8 2.605 Collecting pyparsing>=3 (from matplotlib->-r requirements.txt (line 1))
#8 2.615   Downloading pyparsing-3.3.2-py3-none-any.whl.metadata (5.8 kB)
#8 2.632 Collecting python-dateutil>=2.7 (from matplotlib->-r requirements.txt (line 1))
#8 2.641   Downloading python_dateutil-2.9.0.post0-py2.py3-none-any.whl.metadata (8.4 kB)
#8 2.779 Collecting scipy>=1.10.0 (from scikit-learn->-r requirements.txt (line 5))
#8 2.789   Downloading scipy-1.18.0-cp312-cp312-manylinux_2_27_x86_64.manylinux_2_28_x86_64.whl.metadata (62 kB)
#8 2.825 Collecting joblib>=1.4.0 (from scikit-learn->-r requirements.txt (line 5))
#8 2.834   Downloading joblib-1.5.3-py3-none-any.whl.metadata (5.5 kB)
#8 2.876 Collecting narwhals>=2.0.1 (from scikit-learn->-r requirements.txt (line 5))
#8 2.886   Downloading narwhals-2.24.0-py3-none-any.whl.metadata (15 kB)
#8 2.902 Collecting threadpoolctl>=3.5.0 (from scikit-learn->-r requirements.txt (line 5))
#8 2.911   Downloading threadpoolctl-3.6.0-py3-none-any.whl.metadata (13 kB)
#8 2.963 Collecting six>=1.5 (from python-dateutil>=2.7->matplotlib->-r requirements.txt (line 1))
#8 2.972   Downloading six-1.17.0-py2.py3-none-any.whl.metadata (1.7 kB)
#8 3.002 Downloading matplotlib-3.11.0-cp312-cp312-manylinux2014_x86_64.manylinux_2_17_x86_64.whl (10.0 MB)
#8 3.097    ━━━━━━━━━━━━━━━━━━━━━━━━━━━━━━━━━━━━━━━━ 10.0/10.0 MB 114.4 MB/s eta 0:00:00
#8 3.109 Downloading numpy-2.5.1-cp312-cp312-manylinux_2_27_x86_64.manylinux_2_28_x86_64.whl (16.7 MB)
#8 3.253    ━━━━━━━━━━━━━━━━━━━━━━━━━━━━━━━━━━━━━━━━ 16.7/16.7 MB 117.1 MB/s eta 0:00:00
#8 3.263 Downloading pandas-3.0.3-cp312-cp312-manylinux_2_24_x86_64.manylinux_2_28_x86_64.whl (10.9 MB)
#8 3.357    ━━━━━━━━━━━━━━━━━━━━━━━━━━━━━━━━━━━━━━━━ 10.9/10.9 MB 117.4 MB/s eta 0:00:00
#8 3.369 Downloading pyarrow-25.0.0-cp312-cp312-manylinux_2_28_x86_64.whl (50.1 MB)
#8 3.800    ━━━━━━━━━━━━━━━━━━━━━━━━━━━━━━━━━━━━━━━━ 50.1/50.1 MB 116.7 MB/s eta 0:00:00
#8 3.810 Downloading scikit_learn-1.9.0-cp312-cp312-manylinux_2_27_x86_64.manylinux_2_28_x86_64.whl (9.1 MB)
#8 3.888    ━━━━━━━━━━━━━━━━━━━━━━━━━━━━━━━━━━━━━━━━ 9.1/9.1 MB 120.6 MB/s eta 0:00:00
#8 3.898 Downloading seaborn-0.13.2-py3-none-any.whl (294 kB)
#8 3.910 Downloading contourpy-1.3.3-cp312-cp312-manylinux_2_27_x86_64.manylinux_2_28_x86_64.whl (362 kB)
#8 3.922 Downloading cycler-0.12.1-py3-none-any.whl (8.3 kB)
#8 3.932 Downloading fonttools-4.63.0-cp312-cp312-manylinux2014_x86_64.manylinux_2_17_x86_64.whl (5.0 MB)
#8 3.976    ━━━━━━━━━━━━━━━━━━━━━━━━━━━━━━━━━━━━━━━━ 5.0/5.0 MB 122.9 MB/s eta 0:00:00
#8 3.986 Downloading joblib-1.5.3-py3-none-any.whl (309 kB)
#8 3.997 Downloading kiwisolver-1.5.0-cp312-cp312-manylinux2014_x86_64.manylinux_2_17_x86_64.whl (1.5 MB)
#8 4.010    ━━━━━━━━━━━━━━━━━━━━━━━━━━━━━━━━━━━━━━━━ 1.5/1.5 MB 146.2 MB/s eta 0:00:00
#8 4.020 Downloading narwhals-2.24.0-py3-none-any.whl (461 kB)
#8 4.033 Downloading packaging-26.2-py3-none-any.whl (100 kB)
#8 4.043 Downloading pillow-12.3.0-cp312-cp312-manylinux_2_27_x86_64.manylinux_2_28_x86_64.whl (6.9 MB)
#8 4.103    ━━━━━━━━━━━━━━━━━━━━━━━━━━━━━━━━━━━━━━━━ 6.9/6.9 MB 122.1 MB/s eta 0:00:00
#8 4.112 Downloading pyparsing-3.3.2-py3-none-any.whl (122 kB)
#8 4.122 Downloading python_dateutil-2.9.0.post0-py2.py3-none-any.whl (229 kB)
#8 4.133 Downloading scipy-1.18.0-cp312-cp312-manylinux_2_27_x86_64.manylinux_2_28_x86_64.whl (35.3 MB)
#8 4.436    ━━━━━━━━━━━━━━━━━━━━━━━━━━━━━━━━━━━━━━━━ 35.3/35.3 MB 117.3 MB/s eta 0:00:00
#8 4.445 Downloading threadpoolctl-3.6.0-py3-none-any.whl (18 kB)
#8 4.455 Downloading six-1.17.0-py2.py3-none-any.whl (11 kB)
#8 4.691 Installing collected packages: threadpoolctl, six, pyparsing, pyarrow, pillow, packaging, numpy, narwhals, kiwisolver, joblib, fonttools, cycler, scipy, python-dateutil, contourpy, scikit-learn, pandas, matplotlib, seaborn
#8 19.91 Successfully installed contourpy-1.3.3 cycler-0.12.1 fonttools-4.63.0 joblib-1.5.3 kiwisolver-1.5.0 matplotlib-3.11.0 narwhals-2.24.0 numpy-2.5.1 packaging-26.2 pandas-3.0.3 pillow-12.3.0 pyarrow-25.0.0 pyparsing-3.3.2 python-dateutil-2.9.0.post0 scikit-learn-1.9.0 scipy-1.18.0 seaborn-0.13.2 six-1.17.0 threadpoolctl-3.6.0
#8 19.91 WARNING: Running pip as the 'root' user can result in broken permissions and conflicting behaviour with the system package manager, possibly rendering your system unusable. It is recommended to use a virtual environment instead: https://pip.pypa.io/warnings/venv. Use the --root-user-action option if you know what you are doing and want to suppress this warning.
#8 19.98 
#8 19.98 [notice] A new release of pip is available: 25.0.1 -> 26.1.2
#8 19.98 [notice] To update, run: pip install --upgrade pip
#8 DONE 20.4s

#9 [5/6] COPY data/ /pipeline/data/
#9 DONE 0.0s

#10 [6/6] COPY scripts/ /pipeline/scripts/
#10 DONE 0.0s

#11 exporting to image
#11 exporting layers
#11 exporting layers 1.3s done
#11 writing image sha256:9eb9f1d70a6d9c7d3afaabea3db33255fac4ad918c638c875b114fc214dd6b8f done
#11 naming to docker.io/custom-pipelines/transportation_visualization:latest done
#11 DONE 1.3s
docker.io/custom pipelines/transportatio	saved	
application/vnd.oci.image.manifest.v1+json sha256:93bb2e81c02699585f6c655c323152e4d77dfce842282c4ebf3e297ef2a5613c
Importing	elapsed: 9.0 s	total:   0.0 B	(0.0 B/s)	
[15:10:34] B19:   ✓ 091_transportation_visualization built & imported
[15:10:34] B19:   Building custom-pipelines/transportation_visualization_cleaning_integration:latest...
#0 building with "default" instance using docker driver

#1 [internal] load build definition from Dockerfile
#1 transferring dockerfile: 240B done
#1 DONE 0.0s

#2 [internal] load metadata for docker.io/library/python:3.12-slim
#2 DONE 0.2s

#3 [internal] load .dockerignore
#3 transferring context: 2B done
#3 DONE 0.0s

#4 [1/6] FROM docker.io/library/python:3.12-slim@sha256:c3d81d25b3154142b0b42eb1e61300024426268edeb5b5a26dd7ddf64d9daf28
#4 DONE 0.0s

#5 [internal] load build context
#5 transferring context: 39.61kB done
#5 DONE 0.0s

#6 [2/6] WORKDIR /pipeline
#6 CACHED

#7 [3/6] COPY requirements.txt .
#7 CACHED

#8 [4/6] RUN pip install --no-cache-dir -r requirements.txt
#8 CACHED

#9 [5/6] COPY data/ /pipeline/data/
#9 DONE 0.7s

#10 [6/6] COPY scripts/ /pipeline/scripts/
#10 DONE 0.0s

#11 exporting to image
#11 exporting layers 0.0s done
#11 writing image sha256:59f8be2313dac82cd2d277f18552f8f021ff84de94d6d8a13afdd1c688b4a739 done
#11 naming to docker.io/custom-pipelines/transportation_visualization_cleaning_integration:latest done
#11 DONE 0.0s
docker.io/custom pipelines/transportatio	saved	
application/vnd.oci.image.manifest.v1+json sha256:5a36e1498eb28ff68eb8c1e4c088bca54063b00dd24fb2c5af154cdd43edb51d
Importing	elapsed: 7.0 s	total:   0.0 B	(0.0 B/s)	
[15:10:47] B19:   ✓ 092_transportation_visualization_cleaning_integration built & imported
[15:10:47] B19:   Building custom-pipelines/transportation_visualization_cleaning_validation:latest...
#0 building with "default" instance using docker driver

#1 [internal] load build definition from Dockerfile
#1 transferring dockerfile: 240B done
#1 DONE 0.0s

#2 [internal] load metadata for docker.io/library/python:3.12-slim
#2 DONE 0.2s

#3 [internal] load .dockerignore
#3 transferring context: 2B done
#3 DONE 0.0s

#4 [1/6] FROM docker.io/library/python:3.12-slim@sha256:c3d81d25b3154142b0b42eb1e61300024426268edeb5b5a26dd7ddf64d9daf28
#4 DONE 0.0s

#5 [internal] load build context
#5 transferring context: 40.03kB done
#5 DONE 0.0s

#6 [2/6] WORKDIR /pipeline
#6 CACHED

#7 [3/6] COPY requirements.txt .
#7 CACHED

#8 [4/6] RUN pip install --no-cache-dir -r requirements.txt
#8 CACHED

#9 [5/6] COPY data/ /pipeline/data/
#9 DONE 0.0s

#10 [6/6] COPY scripts/ /pipeline/scripts/
#10 DONE 0.0s

#11 exporting to image
#11 exporting layers 0.0s done
#11 writing image sha256:9f4765c08f7af3e492609ae7d443dadd79cc79d6306956253af421a019eeeb9c done
#11 naming to docker.io/custom-pipelines/transportation_visualization_cleaning_validation:latest done
#11 DONE 0.0s
docker.io/custom pipelines/transportatio	saved	
application/vnd.oci.image.manifest.v1+json sha256:3d1146ec016f0d0aaf83593e34cecf87f8f0d32884d382a605770a2a7934cff9
Importing	elapsed: 7.0 s	total:   0.0 B	(0.0 B/s)	
[15:11:00] B19:   ✓ 093_transportation_visualization_cleaning_validation built & imported
[15:11:00] B19:   Building custom-pipelines/transportation_visualization_cleaning_validation_v2:latest...
#0 building with "default" instance using docker driver

#1 [internal] load build definition from Dockerfile
#1 transferring dockerfile: 240B done
#1 DONE 0.0s

#2 [internal] load metadata for docker.io/library/python:3.12-slim
#2 DONE 0.2s

#3 [internal] load .dockerignore
#3 transferring context: 2B done
#3 DONE 0.0s

#4 [1/6] FROM docker.io/library/python:3.12-slim@sha256:c3d81d25b3154142b0b42eb1e61300024426268edeb5b5a26dd7ddf64d9daf28
#4 DONE 0.0s

#5 [internal] load build context
#5 transferring context: 40.38kB done
#5 DONE 0.0s

#6 [2/6] WORKDIR /pipeline
#6 CACHED

#7 [3/6] COPY requirements.txt .
#7 CACHED

#8 [4/6] RUN pip install --no-cache-dir -r requirements.txt
#8 CACHED

#9 [5/6] COPY data/ /pipeline/data/
#9 DONE 0.0s

#10 [6/6] COPY scripts/ /pipeline/scripts/
#10 DONE 0.0s

#11 exporting to image
#11 exporting layers 0.0s done
#11 writing image sha256:b45ca2abc98fe90adace17d0f0c1e69a8fb4b1487820dc908566c51dbb29432b done
#11 naming to docker.io/custom-pipelines/transportation_visualization_cleaning_validation_v2:latest done
#11 DONE 0.0s
docker.io/custom pipelines/transportatio	saved	
application/vnd.oci.image.manifest.v1+json sha256:9a85cea44b7c3c99a77b14c5fe6696ceb7269e271d53bd179a2fa2532c93b1d8
Importing	elapsed: 6.8 s	total:   0.0 B	(0.0 B/s)	
[15:11:12] B19:   ✓ 094_transportation_visualization_cleaning_validation_v2 built & imported
[15:11:12] B19:   Building custom-pipelines/transportation_visualization_geospatial:latest...
#0 building with "default" instance using docker driver

#1 [internal] load build definition from Dockerfile
#1 transferring dockerfile: 240B done
#1 DONE 0.0s

#2 [internal] load metadata for docker.io/library/python:3.12-slim
#2 DONE 0.2s

#3 [internal] load .dockerignore
#3 transferring context: 2B done
#3 DONE 0.0s

#4 [1/6] FROM docker.io/library/python:3.12-slim@sha256:c3d81d25b3154142b0b42eb1e61300024426268edeb5b5a26dd7ddf64d9daf28
#4 DONE 0.0s

#5 [internal] load build context
#5 transferring context: 62.45kB done
#5 DONE 0.0s

#6 [2/6] WORKDIR /pipeline
#6 CACHED

#7 [3/6] COPY requirements.txt .
#7 CACHED

#8 [4/6] RUN pip install --no-cache-dir -r requirements.txt
#8 CACHED

#9 [5/6] COPY data/ /pipeline/data/
#9 DONE 0.0s

#10 [6/6] COPY scripts/ /pipeline/scripts/
#10 DONE 0.0s

#11 exporting to image
#11 exporting layers 0.0s done
#11 writing image sha256:b808c2eb1bec13046ca22d956dc96d1b43b17e3bc02d7945213ea9d48227ab3e done
#11 naming to docker.io/custom-pipelines/transportation_visualization_geospatial:latest done
#11 DONE 0.0s
docker.io/custom pipelines/transportatio	saved	
application/vnd.oci.image.manifest.v1+json sha256:17f8ed65938d3ea16eed2273b75beeabbbb2585979415b55d7955da1e84a9043
Importing	elapsed: 6.9 s	total:   0.0 B	(0.0 B/s)	
[15:11:24] B19:   ✓ 095_transportation_visualization_geospatial built & imported
[15:11:24] B19: Submitting workflows...
I0715 15:11:24.230339  969095 warnings.go:110] "Warning: unknown field \"spec.volumeClaimTemplates[0].metadata.creationTimestamp\""
Name:                p-19-091-transportation-visualization
Namespace:           default
ServiceAccount:      argo-workflow
Status:              Pending
Created:             Wed Jul 15 15:11:24 +0000 (now)
Progress:            
[15:11:24] B19:   Submitted: 091_transportation_visualization → p-19-091-transportation-visualization
I0715 15:11:24.291894  969119 warnings.go:110] "Warning: unknown field \"spec.volumeClaimTemplates[0].metadata.creationTimestamp\""
Name:                p-19-092-transportation-visualization-cleaning-integration
Namespace:           default
ServiceAccount:      argo-workflow
Status:              Pending
Created:             Wed Jul 15 15:11:24 +0000 (now)
Progress:            
[15:11:24] B19:   Submitted: 092_transportation_visualization_cleaning_integration → p-19-092-transportation-visualization-cleaning-integration
I0715 15:11:24.349000  969146 warnings.go:110] "Warning: unknown field \"spec.volumeClaimTemplates[0].metadata.creationTimestamp\""
Name:                p-19-093-transportation-visualization-cleaning-validation
Namespace:           default
ServiceAccount:      argo-workflow
Status:              Pending
Created:             Wed Jul 15 15:11:24 +0000 (now)
Progress:            
[15:11:24] B19:   Submitted: 093_transportation_visualization_cleaning_validation → p-19-093-transportation-visualization-cleaning-validation
I0715 15:11:24.407898  969185 warnings.go:110] "Warning: unknown field \"spec.volumeClaimTemplates[0].metadata.creationTimestamp\""
Name:                p-19-094-transportation-visualization-cleaning-validation-v2
Namespace:           default
ServiceAccount:      argo-workflow
Status:              Pending
Created:             Wed Jul 15 15:11:24 +0000 (now)
Progress:            
[15:11:24] B19:   Submitted: 094_transportation_visualization_cleaning_validation_v2 → p-19-094-transportation-visualization-cleaning-validation-v2
I0715 15:11:24.478369  969225 warnings.go:110] "Warning: unknown field \"spec.volumeClaimTemplates[0].metadata.creationTimestamp\""
Name:                p-19-095-transportation-visualization-geospatial
Namespace:           default
ServiceAccount:      argo-workflow
Status:              Pending
Created:             Wed Jul 15 15:11:24 +0000 (now)
Progress:            
[15:11:24] B19:   Submitted: 095_transportation_visualization_geospatial → p-19-095-transportation-visualization-geospatial
[15:11:24] B19: Waiting for completion (timeout=600s)...
[15:12:35] B19:   091_transportation_visualization: Succeeded (70s)
[15:12:35] B19:   092_transportation_visualization_cleaning_integration: Succeeded (0s)
[15:12:35] B19:   093_transportation_visualization_cleaning_validation: Succeeded (0s)
[15:12:36] B19:   094_transportation_visualization_cleaning_validation_v2: Succeeded (0s)
[15:12:36] B19:   095_transportation_visualization_geospatial: Succeeded (0s)
[15:12:36] B19: Cleaning up...
Total reclaimed space: 0B
ID						RECLAIMABLE	SIZE		LAST ACCESSED
iys2owl9x5ntep2ta2byxndhx*              	true 		201B      	2 minutes ago
fm0liq5qn15664afobj4gxm0t*              	true 	0B        	About a minute ago
w1wsnrnwftb166m1egofv6wg6*              	true 	201B      	About a minute ago
dfdnugo2ai6pk4ycme129757t*              	true 	38.57kB   	2 minutes ago
bxe4gm0hqz9ti45cuvxj9q7na*              	true 	0B        	2 minutes ago
utmyrvg05yqwrfb6jgcgw26in               	true 	9.185kB   	About a minute ago
upbuedjceq0tgdc4c26qjv5aq               	true 	9.086kB   	About a minute ago
zfsnkpclhq51vau04v7xbyaog*              	true 	61.96kB   	About a minute ago
i1x03o37ryyvlohs5lj54c2hs*              	true 	201B      	About a minute ago
oz0lqzy190v8oylo649v0auk7*              	true 	39.14kB   	2 minutes ago
1tenkna9sk6uz1fhzj1h74chh*              	true 	0B        	About a minute ago
sk5b57c46k9wvzawha0rdye8p*              	true 	201B      	2 minutes ago
49v8g800zqa2vgpgkt5rsuqxc               	true 	8.987kB   	2 minutes ago
j3bkb0cj5l0vf00hcn1im7czh*              	true 	201B      	About a minute ago
nm0379ljyk90uisyfvyu6msin               	true 	9.194kB   	2 minutes ago
4ltk5tmv208cu79wxudjjyvxh*              	true 	0B        	2 minutes ago
4yzrj7l23foulqibpvwn31fby               	true 	52.83kB   	About a minute ago
xnu3efkq0yjnb9k9v0lqlja76*              	true 	39.55kB   	About a minute ago
8toeqdjdxzrg4kqmenpmp69re*              	true 	0B        	About a minute ago
xy14vermc09kluj9lu9gaqtzf*              	true 	39.91kB   	About a minute ago
80b9p3hjabbvzndezrspslhbp               	true 	29.53kB   	2 minutes ago
yte68k8u0mfjqdgfkxrky8ed6               	true 	29.89kB   	2 minutes ago
x95m312h1h2w089tkg3bcng1a               	true 	30.67kB   	About a minute ago
s5j8hpkc4b602uhydnweeaexp               	true 	9.185kB   	About a minute ago
5rdxq7hwblsg6tkfjmp8nflj1               	true 	30.32kB   	About a minute ago
7ntx5mwg3x46eoy67w9et3bw2               	true 	593.1MB   	About a minute ago
wk3ftxbcg5rs5a1ilhqhgon38               	true 	53B       	2 minutes ago
kai2xzbm0mpqgzftuaj6c4s0u               	true 	0B        	2 minutes ago
rbtzi30zhrv0ojtayx6f6tdkd               	true 	0B        	2 minutes ago
1c11jtpa3rknj22hd6ojmm0ik               	true 	0B        	2 minutes ago
iluiwmhzq9wfxdjf7jykhk5n1               	true 	0B        	2 minutes ago
t98rmn9xp81ffuu8imu44jizq               	true 	0B        	2 minutes ago
Total:	593.5MB
[15:12:38] B19: BATCH 19 COMPLETE
