[15:12:42] B20: Building 5 images...
[15:12:42] B20:   Building custom-pipelines/transportation_visualization_integration:latest...
#0 building with "default" instance using docker driver

#1 [internal] load build definition from Dockerfile
#1 transferring dockerfile: 240B done
#1 DONE 0.0s

#2 [internal] load metadata for docker.io/library/python:3.12-slim
#2 DONE 0.9s

#3 [internal] load .dockerignore
#3 transferring context: 2B done
#3 DONE 0.0s

#4 [internal] load build context
#4 transferring context: 41.03kB done
#4 DONE 0.0s

#5 [1/6] FROM docker.io/library/python:3.12-slim@sha256:c3d81d25b3154142b0b42eb1e61300024426268edeb5b5a26dd7ddf64d9daf28
#5 resolve docker.io/library/python:3.12-slim@sha256:c3d81d25b3154142b0b42eb1e61300024426268edeb5b5a26dd7ddf64d9daf28 done
#5 sha256:c3d81d25b3154142b0b42eb1e61300024426268edeb5b5a26dd7ddf64d9daf28 10.37kB / 10.37kB done
#5 sha256:cab2dbf575e971934a81e4622f5aba17aa7929719bd7e31033a3a83b97fd0464 1.75kB / 1.75kB done
#5 sha256:25c5b8011a3425a140bf5fa73be0feabd3c0d5b323eecb19dc02437a368ae075 5.66kB / 5.66kB done
#5 sha256:062e450697faa5f02a3a74eba9864ee4d79bc9cfbd65769fc6cdff2c05c6a053 0B / 29.78MB 0.1s
#5 sha256:98db2485a0d07a8914586b02387e3813aa7e9fed79ab252898d3e96e21c717ea 0B / 1.29MB 0.1s
#5 sha256:48347b15c85fd6dde9c5b0259f378fbaee3ce231b30a42f2f2bcc4ea0285cbc9 0B / 12.11MB 0.1s
#5 sha256:98db2485a0d07a8914586b02387e3813aa7e9fed79ab252898d3e96e21c717ea 1.29MB / 1.29MB 0.2s done
#5 sha256:48347b15c85fd6dde9c5b0259f378fbaee3ce231b30a42f2f2bcc4ea0285cbc9 12.11MB / 12.11MB 0.2s done
#5 sha256:fd079632edc0ab4e9d10c77ec348d5057a976e6fc508e93855548096dec2ae1e 0B / 250B 0.3s
#5 sha256:062e450697faa5f02a3a74eba9864ee4d79bc9cfbd65769fc6cdff2c05c6a053 18.87MB / 29.78MB 0.5s
#5 sha256:fd079632edc0ab4e9d10c77ec348d5057a976e6fc508e93855548096dec2ae1e 250B / 250B 0.4s done
#5 sha256:062e450697faa5f02a3a74eba9864ee4d79bc9cfbd65769fc6cdff2c05c6a053 29.78MB / 29.78MB 0.6s
#5 sha256:062e450697faa5f02a3a74eba9864ee4d79bc9cfbd65769fc6cdff2c05c6a053 29.78MB / 29.78MB 0.6s done
#5 extracting sha256:062e450697faa5f02a3a74eba9864ee4d79bc9cfbd65769fc6cdff2c05c6a053 0.1s
#5 extracting sha256:062e450697faa5f02a3a74eba9864ee4d79bc9cfbd65769fc6cdff2c05c6a053 0.7s done
#5 extracting sha256:98db2485a0d07a8914586b02387e3813aa7e9fed79ab252898d3e96e21c717ea 0.1s done
#5 extracting sha256:48347b15c85fd6dde9c5b0259f378fbaee3ce231b30a42f2f2bcc4ea0285cbc9 0.1s
#5 extracting sha256:48347b15c85fd6dde9c5b0259f378fbaee3ce231b30a42f2f2bcc4ea0285cbc9 0.4s done
#5 extracting sha256:fd079632edc0ab4e9d10c77ec348d5057a976e6fc508e93855548096dec2ae1e done
#5 DONE 2.1s

#6 [2/6] WORKDIR /pipeline
#6 DONE 0.2s

#7 [3/6] COPY requirements.txt .
#7 DONE 0.0s

#8 [4/6] RUN pip install --no-cache-dir -r requirements.txt
#8 1.480 Collecting matplotlib (from -r requirements.txt (line 1))
#8 1.522   Downloading matplotlib-3.11.0-cp312-cp312-manylinux2014_x86_64.manylinux_2_17_x86_64.whl.metadata (80 kB)
#8 1.746 Collecting numpy (from -r requirements.txt (line 2))
#8 1.755   Downloading numpy-2.5.1-cp312-cp312-manylinux_2_27_x86_64.manylinux_2_28_x86_64.whl.metadata (6.6 kB)
#8 1.857 Collecting pandas (from -r requirements.txt (line 3))
#8 1.866   Downloading pandas-3.0.3-cp312-cp312-manylinux_2_24_x86_64.manylinux_2_28_x86_64.whl.metadata (79 kB)
#8 1.980 Collecting pyarrow (from -r requirements.txt (line 4))
#8 1.989   Downloading pyarrow-25.0.0-cp312-cp312-manylinux_2_28_x86_64.whl.metadata (3.0 kB)
#8 2.065 Collecting scikit-learn (from -r requirements.txt (line 5))
#8 2.074   Downloading scikit_learn-1.9.0-cp312-cp312-manylinux_2_27_x86_64.manylinux_2_28_x86_64.whl.metadata (11 kB)
#8 2.099 Collecting seaborn (from -r requirements.txt (line 6))
#8 2.109   Downloading seaborn-0.13.2-py3-none-any.whl.metadata (5.4 kB)
#8 2.176 Collecting contourpy>=1.0.1 (from matplotlib->-r requirements.txt (line 1))
#8 2.185   Downloading contourpy-1.3.3-cp312-cp312-manylinux_2_27_x86_64.manylinux_2_28_x86_64.whl.metadata (5.5 kB)
#8 2.200 Collecting cycler>=0.10 (from matplotlib->-r requirements.txt (line 1))
#8 2.209   Downloading cycler-0.12.1-py3-none-any.whl.metadata (3.8 kB)
#8 2.344 Collecting fonttools>=4.22.0 (from matplotlib->-r requirements.txt (line 1))
#8 2.353   Downloading fonttools-4.63.0-cp312-cp312-manylinux2014_x86_64.manylinux_2_17_x86_64.whl.metadata (118 kB)
#8 2.420 Collecting kiwisolver>=1.3.1 (from matplotlib->-r requirements.txt (line 1))
#8 2.429   Downloading kiwisolver-1.5.0-cp312-cp312-manylinux2014_x86_64.manylinux_2_17_x86_64.whl.metadata (5.1 kB)
#8 2.456 Collecting packaging>=20.0 (from matplotlib->-r requirements.txt (line 1))
#8 2.465   Downloading packaging-26.2-py3-none-any.whl.metadata (3.5 kB)
#8 2.620 Collecting pillow>=9 (from matplotlib->-r requirements.txt (line 1))
#8 2.629   Downloading pillow-12.3.0-cp312-cp312-manylinux_2_27_x86_64.manylinux_2_28_x86_64.whl.metadata (9.1 kB)
#8 2.660 Collecting pyparsing>=3 (from matplotlib->-r requirements.txt (line 1))
#8 2.669   Downloading pyparsing-3.3.2-py3-none-any.whl.metadata (5.8 kB)
#8 2.685 Collecting python-dateutil>=2.7 (from matplotlib->-r requirements.txt (line 1))
#8 2.694   Downloading python_dateutil-2.9.0.post0-py2.py3-none-any.whl.metadata (8.4 kB)
#8 2.818 Collecting scipy>=1.10.0 (from scikit-learn->-r requirements.txt (line 5))
#8 2.827   Downloading scipy-1.18.0-cp312-cp312-manylinux_2_27_x86_64.manylinux_2_28_x86_64.whl.metadata (62 kB)
#8 2.862 Collecting joblib>=1.4.0 (from scikit-learn->-r requirements.txt (line 5))
#8 2.871   Downloading joblib-1.5.3-py3-none-any.whl.metadata (5.5 kB)
#8 2.914 Collecting narwhals>=2.0.1 (from scikit-learn->-r requirements.txt (line 5))
#8 2.923   Downloading narwhals-2.24.0-py3-none-any.whl.metadata (15 kB)
#8 2.941 Collecting threadpoolctl>=3.5.0 (from scikit-learn->-r requirements.txt (line 5))
#8 2.951   Downloading threadpoolctl-3.6.0-py3-none-any.whl.metadata (13 kB)
#8 2.998 Collecting six>=1.5 (from python-dateutil>=2.7->matplotlib->-r requirements.txt (line 1))
#8 3.008   Downloading six-1.17.0-py2.py3-none-any.whl.metadata (1.7 kB)
#8 3.037 Downloading matplotlib-3.11.0-cp312-cp312-manylinux2014_x86_64.manylinux_2_17_x86_64.whl (10.0 MB)
#8 3.131    ━━━━━━━━━━━━━━━━━━━━━━━━━━━━━━━━━━━━━━━━ 10.0/10.0 MB 115.7 MB/s eta 0:00:00
#8 3.141 Downloading numpy-2.5.1-cp312-cp312-manylinux_2_27_x86_64.manylinux_2_28_x86_64.whl (16.7 MB)
#8 3.284    ━━━━━━━━━━━━━━━━━━━━━━━━━━━━━━━━━━━━━━━━ 16.7/16.7 MB 118.4 MB/s eta 0:00:00
#8 3.294 Downloading pandas-3.0.3-cp312-cp312-manylinux_2_24_x86_64.manylinux_2_28_x86_64.whl (10.9 MB)
#8 3.389    ━━━━━━━━━━━━━━━━━━━━━━━━━━━━━━━━━━━━━━━━ 10.9/10.9 MB 119.5 MB/s eta 0:00:00
#8 3.399 Downloading pyarrow-25.0.0-cp312-cp312-manylinux_2_28_x86_64.whl (50.1 MB)
#8 3.827    ━━━━━━━━━━━━━━━━━━━━━━━━━━━━━━━━━━━━━━━━ 50.1/50.1 MB 117.6 MB/s eta 0:00:00
#8 3.838 Downloading scikit_learn-1.9.0-cp312-cp312-manylinux_2_27_x86_64.manylinux_2_28_x86_64.whl (9.1 MB)
#8 3.916    ━━━━━━━━━━━━━━━━━━━━━━━━━━━━━━━━━━━━━━━━ 9.1/9.1 MB 119.8 MB/s eta 0:00:00
#8 3.931 Downloading seaborn-0.13.2-py3-none-any.whl (294 kB)
#8 3.944 Downloading contourpy-1.3.3-cp312-cp312-manylinux_2_27_x86_64.manylinux_2_28_x86_64.whl (362 kB)
#8 3.957 Downloading cycler-0.12.1-py3-none-any.whl (8.3 kB)
#8 3.967 Downloading fonttools-4.63.0-cp312-cp312-manylinux2014_x86_64.manylinux_2_17_x86_64.whl (5.0 MB)
#8 4.011    ━━━━━━━━━━━━━━━━━━━━━━━━━━━━━━━━━━━━━━━━ 5.0/5.0 MB 123.7 MB/s eta 0:00:00
#8 4.021 Downloading joblib-1.5.3-py3-none-any.whl (309 kB)
#8 4.034 Downloading kiwisolver-1.5.0-cp312-cp312-manylinux2014_x86_64.manylinux_2_17_x86_64.whl (1.5 MB)
#8 4.048    ━━━━━━━━━━━━━━━━━━━━━━━━━━━━━━━━━━━━━━━━ 1.5/1.5 MB 122.7 MB/s eta 0:00:00
#8 4.057 Downloading narwhals-2.24.0-py3-none-any.whl (461 kB)
#8 4.069 Downloading packaging-26.2-py3-none-any.whl (100 kB)
#8 4.079 Downloading pillow-12.3.0-cp312-cp312-manylinux_2_27_x86_64.manylinux_2_28_x86_64.whl (6.9 MB)
#8 4.139    ━━━━━━━━━━━━━━━━━━━━━━━━━━━━━━━━━━━━━━━━ 6.9/6.9 MB 117.6 MB/s eta 0:00:00
#8 4.149 Downloading pyparsing-3.3.2-py3-none-any.whl (122 kB)
#8 4.158 Downloading python_dateutil-2.9.0.post0-py2.py3-none-any.whl (229 kB)
#8 4.170 Downloading scipy-1.18.0-cp312-cp312-manylinux_2_27_x86_64.manylinux_2_28_x86_64.whl (35.3 MB)
#8 4.472    ━━━━━━━━━━━━━━━━━━━━━━━━━━━━━━━━━━━━━━━━ 35.3/35.3 MB 117.8 MB/s eta 0:00:00
#8 4.481 Downloading threadpoolctl-3.6.0-py3-none-any.whl (18 kB)
#8 4.491 Downloading six-1.17.0-py2.py3-none-any.whl (11 kB)
#8 4.716 Installing collected packages: threadpoolctl, six, pyparsing, pyarrow, pillow, packaging, numpy, narwhals, kiwisolver, joblib, fonttools, cycler, scipy, python-dateutil, contourpy, scikit-learn, pandas, matplotlib, seaborn
#8 19.58 Successfully installed contourpy-1.3.3 cycler-0.12.1 fonttools-4.63.0 joblib-1.5.3 kiwisolver-1.5.0 matplotlib-3.11.0 narwhals-2.24.0 numpy-2.5.1 packaging-26.2 pandas-3.0.3 pillow-12.3.0 pyarrow-25.0.0 pyparsing-3.3.2 python-dateutil-2.9.0.post0 scikit-learn-1.9.0 scipy-1.18.0 seaborn-0.13.2 six-1.17.0 threadpoolctl-3.6.0
#8 19.58 WARNING: Running pip as the 'root' user can result in broken permissions and conflicting behaviour with the system package manager, possibly rendering your system unusable. It is recommended to use a virtual environment instead: https://pip.pypa.io/warnings/venv. Use the --root-user-action option if you know what you are doing and want to suppress this warning.
#8 19.65 
#8 19.65 [notice] A new release of pip is available: 25.0.1 -> 26.1.2
#8 19.65 [notice] To update, run: pip install --upgrade pip
#8 DONE 20.2s

#9 [5/6] COPY data/ /pipeline/data/
#9 DONE 0.0s

#10 [6/6] COPY scripts/ /pipeline/scripts/
#10 DONE 0.0s

#11 exporting to image
#11 exporting layers
#11 exporting layers 1.4s done
#11 writing image sha256:a63f4f77fe001664d335845a155d9d9310c006ac8d69b99d77a6927c4c18cb72 done
#11 naming to docker.io/custom-pipelines/transportation_visualization_integration:latest done
#11 DONE 1.4s
docker.io/custom pipelines/transportatio	saved	
application/vnd.oci.image.manifest.v1+json sha256:9f28d4d5bfa674b7adaebad8d98aae4c142a9897adb6fc43a87e86a87412dc92
Importing	elapsed: 9.4 s	total:   0.0 B	(0.0 B/s)	
[15:13:20] B20:   ✓ 096_transportation_visualization_integration built & imported
[15:13:21] B20:   Building custom-pipelines/transportation_visualization_integration_v2:latest...
#0 building with "default" instance using docker driver

#1 [internal] load build definition from Dockerfile
#1 transferring dockerfile: 240B done
#1 DONE 0.0s

#2 [internal] load metadata for docker.io/library/python:3.12-slim
#2 DONE 0.2s

#3 [internal] load .dockerignore
#3 transferring context: 2B done
#3 DONE 0.0s

#4 [1/6] FROM docker.io/library/python:3.12-slim@sha256:c3d81d25b3154142b0b42eb1e61300024426268edeb5b5a26dd7ddf64d9daf28
#4 DONE 0.0s

#5 [internal] load build context
#5 transferring context: 41.47kB done
#5 DONE 0.0s

#6 [2/6] WORKDIR /pipeline
#6 CACHED

#7 [3/6] COPY requirements.txt .
#7 CACHED

#8 [4/6] RUN pip install --no-cache-dir -r requirements.txt
#8 CACHED

#9 [5/6] COPY data/ /pipeline/data/
#9 DONE 0.5s

#10 [6/6] COPY scripts/ /pipeline/scripts/
#10 DONE 0.0s

#11 exporting to image
#11 exporting layers 0.0s done
#11 writing image sha256:451beb06bcd7099271586420d7be1a62295335e6a29d96b930de23659c546ebd done
#11 naming to docker.io/custom-pipelines/transportation_visualization_integration_v2:latest done
#11 DONE 0.0s
docker.io/custom pipelines/transportatio	saved	
application/vnd.oci.image.manifest.v1+json sha256:3c925160bcceef60e0c41e9f6f6b6ee1e5bd39268648f3204dcee00a2c769bcb
Importing	elapsed: 6.9 s	total:   0.0 B	(0.0 B/s)	
[15:13:33] B20:   ✓ 097_transportation_visualization_integration_v2 built & imported
[15:13:33] B20:   Building custom-pipelines/transportation_visualization_integration_validation:latest...
#0 building with "default" instance using docker driver

#1 [internal] load build definition from Dockerfile
#1 transferring dockerfile: 240B done
#1 DONE 0.0s

#2 [internal] load metadata for docker.io/library/python:3.12-slim
#2 DONE 0.2s

#3 [internal] load .dockerignore
#3 transferring context: 2B done
#3 DONE 0.0s

#4 [1/6] FROM docker.io/library/python:3.12-slim@sha256:c3d81d25b3154142b0b42eb1e61300024426268edeb5b5a26dd7ddf64d9daf28
#4 DONE 0.0s

#5 [internal] load build context
#5 transferring context: 41.95kB done
#5 DONE 0.0s

#6 [2/6] WORKDIR /pipeline
#6 CACHED

#7 [3/6] COPY requirements.txt .
#7 CACHED

#8 [4/6] RUN pip install --no-cache-dir -r requirements.txt
#8 CACHED

#9 [5/6] COPY data/ /pipeline/data/
#9 DONE 0.0s

#10 [6/6] COPY scripts/ /pipeline/scripts/
#10 DONE 0.0s

#11 exporting to image
#11 exporting layers 0.0s done
#11 writing image sha256:59398183b28bbefed5067f11f8c7b6997ed9229db3d9f456bc986dbded8675c3 done
#11 naming to docker.io/custom-pipelines/transportation_visualization_integration_validation:latest done
#11 DONE 0.0s
docker.io/custom pipelines/transportatio	saved	
application/vnd.oci.image.manifest.v1+json sha256:af3ea12f135da46d9c2ba8e2ed9eccf7d3b4a7ee9937fb17839f2e10372702c0
Importing	elapsed: 6.9 s	total:   0.0 B	(0.0 B/s)	
[15:13:46] B20:   ✓ 098_transportation_visualization_integration_validation built & imported
[15:13:46] B20:   Building custom-pipelines/transportation_visualization_recovery_reporting:latest...
#0 building with "default" instance using docker driver

#1 [internal] load build definition from Dockerfile
#1 transferring dockerfile: 240B done
#1 DONE 0.0s

#2 [internal] load metadata for docker.io/library/python:3.12-slim
#2 DONE 0.2s

#3 [internal] load .dockerignore
#3 transferring context: 2B done
#3 DONE 0.0s

#4 [1/6] FROM docker.io/library/python:3.12-slim@sha256:c3d81d25b3154142b0b42eb1e61300024426268edeb5b5a26dd7ddf64d9daf28
#4 DONE 0.0s

#5 [internal] load build context
#5 transferring context: 42.17kB done
#5 DONE 0.0s

#6 [3/6] COPY requirements.txt .
#6 CACHED

#7 [2/6] WORKDIR /pipeline
#7 CACHED

#8 [4/6] RUN pip install --no-cache-dir -r requirements.txt
#8 CACHED

#9 [5/6] COPY data/ /pipeline/data/
#9 DONE 0.0s

#10 [6/6] COPY scripts/ /pipeline/scripts/
#10 DONE 0.0s

#11 exporting to image
#11 exporting layers 0.0s done
#11 writing image sha256:8644ecb2730c3cb847458156260c32a2ad6ecbf4b2df2098e2c7edd9403c7eb7 done
#11 naming to docker.io/custom-pipelines/transportation_visualization_recovery_reporting:latest done
#11 DONE 0.0s
docker.io/custom pipelines/transportatio	saved	
application/vnd.oci.image.manifest.v1+json sha256:5b93e150b1254d7be9ffbc2a1105a0fe1f8c34d05cb828b2fc55288747838dd8
Importing	elapsed: 6.9 s	total:   0.0 B	(0.0 B/s)	
[15:13:58] B20:   ✓ 099_transportation_visualization_recovery_reporting built & imported
[15:13:58] B20:   Building custom-pipelines/transportation_visualization_v2:latest...
#0 building with "default" instance using docker driver

#1 [internal] load build definition from Dockerfile
#1 transferring dockerfile: 240B done
#1 DONE 0.0s

#2 [internal] load metadata for docker.io/library/python:3.12-slim
#2 DONE 0.2s

#3 [internal] load .dockerignore
#3 transferring context: 2B done
#3 DONE 0.0s

#4 [1/6] FROM docker.io/library/python:3.12-slim@sha256:c3d81d25b3154142b0b42eb1e61300024426268edeb5b5a26dd7ddf64d9daf28
#4 DONE 0.0s

#5 [internal] load build context
#5 transferring context: 42.40kB done
#5 DONE 0.0s

#6 [2/6] WORKDIR /pipeline
#6 CACHED

#7 [3/6] COPY requirements.txt .
#7 CACHED

#8 [4/6] RUN pip install --no-cache-dir -r requirements.txt
#8 CACHED

#9 [5/6] COPY data/ /pipeline/data/
#9 DONE 0.1s

#10 [6/6] COPY scripts/ /pipeline/scripts/
#10 DONE 0.0s

#11 exporting to image
#11 exporting layers 0.0s done
#11 writing image sha256:7dd7de6414591a3c37d9d8add4a614fd3c2678dab4f51b35f577d7046a63ba0b done
#11 naming to docker.io/custom-pipelines/transportation_visualization_v2:latest done
#11 DONE 0.0s
docker.io/custom pipelines/transportatio	saved	
application/vnd.oci.image.manifest.v1+json sha256:e7ea0ea9e9e5d1ad4cc6bcddb51d1a3d87d94c740e79911a65b7f687539d7b35
Importing	elapsed: 7.1 s	total:   0.0 B	(0.0 B/s)	
[15:14:10] B20:   ✓ 100_transportation_visualization_v2 built & imported
[15:14:10] B20: Submitting workflows...
I0715 15:14:10.696508  994692 warnings.go:110] "Warning: unknown field \"spec.volumeClaimTemplates[0].metadata.creationTimestamp\""
Name:                p-20-096-transportation-visualization-integration
Namespace:           default
ServiceAccount:      argo-workflow
Status:              Pending
Created:             Wed Jul 15 15:14:10 +0000 (now)
Progress:            
[15:14:10] B20:   Submitted: 096_transportation_visualization_integration → p-20-096-transportation-visualization-integration
I0715 15:14:10.757192  994717 warnings.go:110] "Warning: unknown field \"spec.volumeClaimTemplates[0].metadata.creationTimestamp\""
Name:                p-20-097-transportation-visualization-integration-v2
Namespace:           default
ServiceAccount:      argo-workflow
Status:              Pending
Created:             Wed Jul 15 15:14:10 +0000 (now)
Progress:            
[15:14:10] B20:   Submitted: 097_transportation_visualization_integration_v2 → p-20-097-transportation-visualization-integration-v2
I0715 15:14:10.818406  994739 warnings.go:110] "Warning: unknown field \"spec.volumeClaimTemplates[0].metadata.creationTimestamp\""
Name:                p-20-098-transportation-visualization-integration-validation
Namespace:           default
ServiceAccount:      argo-workflow
Status:              Pending
Created:             Wed Jul 15 15:14:10 +0000 (now)
Progress:            
[15:14:10] B20:   Submitted: 098_transportation_visualization_integration_validation → p-20-098-transportation-visualization-integration-validation
I0715 15:14:10.883452  994762 warnings.go:110] "Warning: unknown field \"spec.volumeClaimTemplates[0].metadata.creationTimestamp\""
Name:                p-20-099-transportation-visualization-recovery-reporting
Namespace:           default
ServiceAccount:      argo-workflow
Status:              Pending
Created:             Wed Jul 15 15:14:10 +0000 (now)
Progress:            
[15:14:10] B20:   Submitted: 099_transportation_visualization_recovery_reporting → p-20-099-transportation-visualization-recovery-reporting
I0715 15:14:10.939473  994791 warnings.go:110] "Warning: unknown field \"spec.volumeClaimTemplates[0].metadata.creationTimestamp\""
Name:                p-20-100-transportation-visualization-v2
Namespace:           default
ServiceAccount:      argo-workflow
Status:              Pending
Created:             Wed Jul 15 15:14:10 +0000 (now)
Progress:            
[15:14:10] B20:   Submitted: 100_transportation_visualization_v2 → p-20-100-transportation-visualization-v2
[15:14:10] B20: Waiting for completion (timeout=600s)...
[15:15:22] B20:   096_transportation_visualization_integration: Succeeded (70s)
[15:15:22] B20:   097_transportation_visualization_integration_v2: Succeeded (0s)
[15:15:22] B20:   098_transportation_visualization_integration_validation: Succeeded (0s)
[15:15:22] B20:   099_transportation_visualization_recovery_reporting: Succeeded (0s)
[15:15:22] B20:   100_transportation_visualization_v2: Succeeded (0s)
[15:15:23] B20: Cleaning up...
Total reclaimed space: 0B
ID						RECLAIMABLE	SIZE		LAST ACCESSED
kzmi0ah27qb4fxclcabuy8k1r*              	true 		0B        	2 minutes ago
nctnjl0d6997otmuv9s0wyzh5*              	true 	201B      	About a minute ago
zq753lsir6ukqfolzj3aq81if*              	true 	0B        	About a minute ago
ijlcxjjia3xnocrtjddfgw383*              	true 	41.91kB   	About a minute ago
m2u0iw6dwz035pf4nhky2alc1               	true 	9.176kB   	About a minute ago
ugudyrorpx9q1qa70yirqbbro*              	true 	40.99kB   	2 minutes ago
vgzl50hmekdv1jpd28tu3reu1*              	true 	41.48kB   	About a minute ago
mk4i2rebqtoqbtglk6511aamy*              	true 	0B        	2 minutes ago
d3h8m7trwwfgx11g3pjvnkx1x*              	true 	0B        	About a minute ago
zovrice7t3nzhnj2qde4xqnvo*              	true 	41.7kB    	About a minute ago
g4cl2t5l1f20wjeu85hw9mp4x*              	true 	40.56kB   	2 minutes ago
tgk769p7nirndwglo9jb4oih1*              	true 	201B      	About a minute ago
na9psz29de1k6l5jlda8sckv7               	true 	8.987kB   	About a minute ago
eb4bgt917eed1zuhhouyafeff*              	true 	201B      	2 minutes ago
x1fo7rhz6ygtnr50gnze6pq2e               	true 	32.47kB   	About a minute ago
1ikgj5mag1hb903h22a0g5p8c               	true 	9.104kB   	2 minutes ago
plpnuxee0ovmu4946zf6ofvtf               	true 	9.212kB   	About a minute ago
u616c2j03g19qcgpu7frjbare*              	true 	201B      	About a minute ago
re092sqjjf2vvbx2o3sjoqxkq               	true 	9.104kB   	2 minutes ago
e3gp4ky8dib8q1goc63t3c82i*              	true 	0B        	About a minute ago
pseidrg7cnol6syz1ffbyty9x               	true 	31.4kB    	2 minutes ago
j3r7at9m85qxl36zga42shx4l               	true 	32.87kB   	About a minute ago
tdza1a6qmimzsy3kv5ksnmt1w               	true 	31.84kB   	2 minutes ago
ugh36j2s0ky8qiksgdz948i7p               	true 	32.21kB   	About a minute ago
otgcee2wxsnrfidrc0drl5lrl*              	true 	201B      	2 minutes ago
t7jg5che1bx8zomei9gugymlw               	true 	593.1MB   	About a minute ago
gpn98ar196580vveg8r35fvsr               	true 	53B       	2 minutes ago
m711t0mjxdzq51zfbnpw1zurg               	true 	0B        	2 minutes ago
93xiczptd19hag3c11ljq0vmq               	true 	0B        	2 minutes ago
yavl7w8t2np7qpkmsn4816qca               	true 	0B        	2 minutes ago
n7ywpy6am2ha9mjjey211um7r               	true 	0B        	2 minutes ago
it7nzq39d7yxdt3mvl5bfvegv               	true 	0B        	2 minutes ago
Total:	593.5MB
[15:15:24] B20: BATCH 20 COMPLETE
